# JRE version: OpenJDK Runtime Environment (21.0.2+13) (build 21.0.2+13-58)
# Java VM: OpenJDK 64-Bit Server VM (21.0.2+13-58, mixed mode, sharing, tiered, compressed oops, compressed class ptrs, g1 gc, windows-amd64)
GC Precious Log:
 CardTable entry size: 512
 Card Set container configuration: InlinePtr #cards 4 size 8 Array Of Cards #cards 16 size 48 Howl #buckets 8 coarsen threshold 3686 Howl Bitmap #cards 512 size 80 coarsen threshold 460 Card regions per heap region 1 cards per card region 4096
 CPUs: 12 total, 12 available
 Memory: 16191M
 Large Page Support: Disabled
 NUMA Support: Disabled
 Compressed Oops: Enabled (Zero based)
 Heap Region Size: 2M
 Heap Min Capacity: 8M
 Heap Initial Capacity: 254M
 Heap Max Capacity: 4048M
 Pre-touch: Disabled
 Parallel Workers: 10
 Concurrent Workers: 3
 Concurrent Refinement Workers: 10
 Periodic GC: Disabled
Heap:
 garbage-first heap   total 212992K, used 64904K [0x0000000703000000, 0x0000000800000000)
  region size 2048K, 2 young (4096K), 2 survivors (4096K)
 Metaspace       used 70312K, committed 71104K, reserved 1114112K
  class space    used 9292K, committed 9664K, reserved 1048576K
GC Heap History (20 events):
Event: 3.138 GC heap after
{Heap after GC invocations=5 (full 0):
 garbage-first heap   total 73728K, used 17844K [0x0000000703000000, 0x0000000800000000)
  region size 2048K, 6 young (12288K), 6 survivors (12288K)
 Metaspace       used 29758K, committed 30272K, reserved 1114112K
  class space    used 3730K, committed 3968K, reserved 1048576K
}
Event: 3.669 GC heap before
{Heap before GC invocations=5 (full 0):
 garbage-first heap   total 73728K, used 42420K [0x0000000703000000, 0x0000000800000000)
  region size 2048K, 19 young (38912K), 6 survivors (12288K)
 Metaspace       used 35454K, committed 35968K, reserved 1114112K
  class space    used 4581K, committed 4800K, reserved 1048576K
}
Event: 3.675 GC heap after
{Heap after GC invocations=6 (full 0):
 garbage-first heap   total 73728K, used 19123K [0x0000000703000000, 0x0000000800000000)
  region size 2048K, 1 young (2048K), 1 survivors (2048K)
 Metaspace       used 35454K, committed 35968K, reserved 1114112K
  class space    used 4581K, committed 4800K, reserved 1048576K
}
Event: 3.701 GC heap before
{Heap before GC invocations=6 (full 0):
 garbage-first heap   total 73728K, used 19123K [0x0000000703000000, 0x0000000800000000)
  region size 2048K, 2 young (4096K), 1 survivors (2048K)
 Metaspace       used 35792K, committed 36288K, reserved 1114112K
  class space    used 4646K, committed 4864K, reserved 1048576K
}
Event: 3.702 GC heap after
{Heap after GC invocations=7 (full 0):
 garbage-first heap   total 73728K, used 18573K [0x0000000703000000, 0x0000000800000000)
  region size 2048K, 1 young (2048K), 1 survivors (2048K)
 Metaspace       used 35792K, committed 36288K, reserved 1114112K
  class space    used 4646K, committed 4864K, reserved 1048576K
}
Event: 6.538 GC heap before
{Heap before GC invocations=8 (full 0):
 garbage-first heap   total 73728K, used 55437K [0x0000000703000000, 0x0000000800000000)
  region size 2048K, 20 young (40960K), 1 survivors (2048K)
 Metaspace       used 51666K, committed 52160K, reserved 1114112K
  class space    used 6701K, committed 6912K, reserved 1048576K
}
Event: 6.543 GC heap after
{Heap after GC invocations=9 (full 0):
 garbage-first heap   total 94208K, used 21475K [0x0000000703000000, 0x0000000800000000)
  region size 2048K, 3 young (6144K), 3 survivors (6144K)
 Metaspace       used 51666K, committed 52160K, reserved 1114112K
  class space    used 6701K, committed 6912K, reserved 1048576K
}
Event: 7.793 GC heap before
{Heap before GC invocations=9 (full 0):
 garbage-first heap   total 94208K, used 64483K [0x0000000703000000, 0x0000000800000000)
  region size 2048K, 25 young (51200K), 3 survivors (6144K)
 Metaspace       used 60285K, committed 60800K, reserved 1114112K
  class space    used 8005K, committed 8256K, reserved 1048576K
}
Event: 7.802 GC heap after
{Heap after GC invocations=10 (full 0):
 garbage-first heap   total 94208K, used 24540K [0x0000000703000000, 0x0000000800000000)
  region size 2048K, 4 young (8192K), 4 survivors (8192K)
 Metaspace       used 60285K, committed 60800K, reserved 1114112K
  class space    used 8005K, committed 8256K, reserved 1048576K
}
Event: 8.446 GC heap before
{Heap before GC invocations=11 (full 0):
 garbage-first heap   total 94208K, used 69596K [0x0000000703000000, 0x0000000800000000)
  region size 2048K, 27 young (55296K), 4 survivors (8192K)
 Metaspace       used 63988K, committed 64640K, reserved 1114112K
  class space    used 8486K, committed 8768K, reserved 1048576K
}
Event: 8.454 GC heap after
{Heap after GC invocations=12 (full 0):
 garbage-first heap   total 94208K, used 32197K [0x0000000703000000, 0x0000000800000000)
  region size 2048K, 4 young (8192K), 4 survivors (8192K)
 Metaspace       used 63988K, committed 64640K, reserved 1114112K
  class space    used 8486K, committed 8768K, reserved 1048576K
}
Event: 8.594 GC heap before
{Heap before GC invocations=12 (full 0):
 garbage-first heap   total 94208K, used 77253K [0x0000000703000000, 0x0000000800000000)
  region size 2048K, 26 young (53248K), 4 survivors (8192K)
 Metaspace       used 64183K, committed 64768K, reserved 1114112K
  class space    used 8500K, committed 8768K, reserved 1048576K
}
Event: 8.603 GC heap after
{Heap after GC invocations=13 (full 0):
 garbage-first heap   total 96256K, used 41620K [0x0000000703000000, 0x0000000800000000)
  region size 2048K, 4 young (8192K), 4 survivors (8192K)
 Metaspace       used 64183K, committed 64768K, reserved 1114112K
  class space    used 8500K, committed 8768K, reserved 1048576K
}
Event: 8.681 GC heap before
{Heap before GC invocations=13 (full 0):
 garbage-first heap   total 96256K, used 74388K [0x0000000703000000, 0x0000000800000000)
  region size 2048K, 21 young (43008K), 4 survivors (8192K)
 Metaspace       used 64291K, committed 64960K, reserved 1114112K
  class space    used 8505K, committed 8768K, reserved 1048576K
}
Event: 8.689 GC heap after
{Heap after GC invocations=14 (full 0):
 garbage-first heap   total 96256K, used 51393K [0x0000000703000000, 0x0000000800000000)
  region size 2048K, 3 young (6144K), 3 survivors (6144K)
 Metaspace       used 64291K, committed 64960K, reserved 1114112K
  class space    used 8505K, committed 8768K, reserved 1048576K
}
Event: 8.745 GC heap before
{Heap before GC invocations=14 (full 0):
 garbage-first heap   total 96256K, used 78017K [0x0000000703000000, 0x0000000800000000)
  region size 2048K, 16 young (32768K), 3 survivors (6144K)
 Metaspace       used 64350K, committed 64960K, reserved 1114112K
  class space    used 8505K, committed 8768K, reserved 1048576K
}
Event: 8.752 GC heap after
{Heap after GC invocations=15 (full 0):
 garbage-first heap   total 96256K, used 59111K [0x0000000703000000, 0x0000000800000000)
  region size 2048K, 2 young (4096K), 2 survivors (4096K)
 Metaspace       used 64350K, committed 64960K, reserved 1114112K
  class space    used 8505K, committed 8768K, reserved 1048576K
}
Event: 8.829 GC heap before
{Heap before GC invocations=16 (full 0):
 garbage-first heap   total 122880K, used 81639K [0x0000000703000000, 0x0000000800000000)
  region size 2048K, 13 young (26624K), 2 survivors (4096K)
 Metaspace       used 64438K, committed 65088K, reserved 1114112K
  class space    used 8509K, committed 8768K, reserved 1048576K
}
Event: 8.834 GC heap after
{Heap after GC invocations=17 (full 0):
 garbage-first heap   total 122880K, used 65757K [0x0000000703000000, 0x0000000800000000)
  region size 2048K, 2 young (4096K), 2 survivors (4096K)
 Metaspace       used 64438K, committed 65088K, reserved 1114112K
  class space    used 8509K, committed 8768K, reserved 1048576K
}
Event: 19.999 GC heap before
{Heap before GC invocations=17 (full 0):
 garbage-first heap   total 122880K, used 96477K [0x0000000703000000, 0x0000000800000000)
  region size 2048K, 18 young (36864K), 2 survivors (4096K)
 Metaspace       used 70312K, committed 71104K, reserved 1114112K
  class space    used 9292K, committed 9664K, reserved 1048576K
}

